  [1m[35m (272.0ms)[0m  [1m[35mCREATE DATABASE "reddit_clone_development" ENCODING = 'unicode'[0m
  [1m[35m (239.6ms)[0m  [1m[35mCREATE DATABASE "reddit_clone_test" ENCODING = 'unicode'[0m
  [1m[35m (14.5ms)[0m  [1m[35mCREATE TABLE "schema_migrations" ("version" character varying NOT NULL PRIMARY KEY)[0m
  [1m[35m (9.1ms)[0m  [1m[35mCREATE TABLE "ar_internal_metadata" ("key" character varying NOT NULL PRIMARY KEY, "value" character varying, "created_at" timestamp(6) NOT NULL, "updated_at" timestamp(6) NOT NULL)[0m
  [1m[35m (0.7ms)[0m  [1m[34mSELECT pg_try_advisory_lock(688274183373989625)[0m
  [1m[36mActiveRecord::SchemaMigration Pluck (1.1ms)[0m  [1m[34mSELECT "schema_migrations"."version" FROM "schema_migrations" ORDER BY "schema_migrations"."version" ASC[0m
Migrating to CreateUsers (20220923204259)
  [1m[36mTRANSACTION (0.4ms)[0m  [1m[35mBEGIN[0m
  [1m[35m (10.1ms)[0m  [1m[35mCREATE TABLE "users" ("id" bigserial primary key, "username" character varying NOT NULL, "password_digest" character varying NOT NULL, "session_token" character varying NOT NULL, "created_at" timestamp(6) NOT NULL, "updated_at" timestamp(6) NOT NULL)[0m
  [1m[35m (2.5ms)[0m  [1m[35mCREATE UNIQUE INDEX "index_users_on_username" ON "users" ("username")[0m
  [1m[35m (2.4ms)[0m  [1m[35mCREATE UNIQUE INDEX "index_users_on_session_token" ON "users" ("session_token")[0m
  [1m[36mActiveRecord::SchemaMigration Create (1.3ms)[0m  [1m[32mINSERT INTO "schema_migrations" ("version") VALUES ($1) RETURNING "version"[0m  [["version", "20220923204259"]]
  [1m[36mTRANSACTION (1.2ms)[0m  [1m[35mCOMMIT[0m
  [1m[36mActiveRecord::InternalMetadata Load (1.0ms)[0m  [1m[34mSELECT "ar_internal_metadata".* FROM "ar_internal_metadata" WHERE "ar_internal_metadata"."key" = $1 LIMIT $2[0m  [["key", "environment"], ["LIMIT", 1]]
  [1m[36mTRANSACTION (0.5ms)[0m  [1m[35mBEGIN[0m
  [1m[36mActiveRecord::InternalMetadata Create (1.6ms)[0m  [1m[32mINSERT INTO "ar_internal_metadata" ("key", "value", "created_at", "updated_at") VALUES ($1, $2, $3, $4) RETURNING "key"[0m  [["key", "environment"], ["value", "development"], ["created_at", "2022-09-23 20:44:48.151974"], ["updated_at", "2022-09-23 20:44:48.151974"]]
  [1m[36mTRANSACTION (3.0ms)[0m  [1m[35mCOMMIT[0m
  [1m[35m (1.1ms)[0m  [1m[34mSELECT pg_advisory_unlock(688274183373989625)[0m
  [1m[36mActiveRecord::SchemaMigration Pluck (2.2ms)[0m  [1m[34mSELECT "schema_migrations"."version" FROM "schema_migrations" ORDER BY "schema_migrations"."version" ASC[0m
  [1m[36mActiveRecord::SchemaMigration Pluck (0.6ms)[0m  [1m[34mSELECT "schema_migrations"."version" FROM "schema_migrations" ORDER BY "schema_migrations"."version" ASC[0m
Started GET "/users/new" for ::1 at 2022-09-23 14:16:45 -0700

ActiveRecord::NoDatabaseError - We could not find your database: reddit_clone_development. Which can be found in the database configuration file located at config/database.yml.
To resolve this issue:
- Did you create the database for this app, or delete it? You may need to create your database.
- Has the database name changed? Check your database.yml config has the correct database name.
To create your database, run:
        bin/rails db:create:

Started POST "/__better_errors/e4671780bdbc1b80/variables" for ::1 at 2022-09-23 14:16:45 -0700
  [1m[35m (720.8ms)[0m  [1m[35mCREATE DATABASE "reddit_clone_development" ENCODING = 'unicode'[0m
  [1m[35m (497.2ms)[0m  [1m[35mCREATE DATABASE "reddit_clone_test" ENCODING = 'unicode'[0m
  [1m[35m (645.8ms)[0m  [1m[35mCREATE TABLE "schema_migrations" ("version" character varying NOT NULL PRIMARY KEY)[0m
  [1m[35m (249.0ms)[0m  [1m[35mCREATE TABLE "ar_internal_metadata" ("key" character varying NOT NULL PRIMARY KEY, "value" character varying, "created_at" timestamp(6) NOT NULL, "updated_at" timestamp(6) NOT NULL)[0m
  [1m[35m (6.8ms)[0m  [1m[34mSELECT pg_try_advisory_lock(688274183373989625)[0m
  [1m[36mActiveRecord::SchemaMigration Pluck (3.4ms)[0m  [1m[34mSELECT "schema_migrations"."version" FROM "schema_migrations" ORDER BY "schema_migrations"."version" ASC[0m
Migrating to CreateUsers (20220923204259)
  [1m[36mTRANSACTION (0.2ms)[0m  [1m[35mBEGIN[0m
  [1m[35m (412.5ms)[0m  [1m[35mCREATE TABLE "users" ("id" bigserial primary key, "username" character varying NOT NULL, "password_digest" character varying NOT NULL, "session_token" character varying NOT NULL, "created_at" timestamp(6) NOT NULL, "updated_at" timestamp(6) NOT NULL)[0m
  [1m[35m (184.6ms)[0m  [1m[35mCREATE UNIQUE INDEX "index_users_on_username" ON "users" ("username")[0m
  [1m[35m (241.3ms)[0m  [1m[35mCREATE UNIQUE INDEX "index_users_on_session_token" ON "users" ("session_token")[0m
  [1m[36mActiveRecord::SchemaMigration Create (58.9ms)[0m  [1m[32mINSERT INTO "schema_migrations" ("version") VALUES ($1) RETURNING "version"[0m  [["version", "20220923204259"]]
  [1m[36mTRANSACTION (107.6ms)[0m  [1m[35mCOMMIT[0m
  [1m[36mActiveRecord::InternalMetadata Load (19.0ms)[0m  [1m[34mSELECT "ar_internal_metadata".* FROM "ar_internal_metadata" WHERE "ar_internal_metadata"."key" = $1 LIMIT $2[0m  [["key", "environment"], ["LIMIT", 1]]
  [1m[36mTRANSACTION (0.2ms)[0m  [1m[35mBEGIN[0m
  [1m[36mActiveRecord::InternalMetadata Create (13.5ms)[0m  [1m[32mINSERT INTO "ar_internal_metadata" ("key", "value", "created_at", "updated_at") VALUES ($1, $2, $3, $4) RETURNING "key"[0m  [["key", "environment"], ["value", "development"], ["created_at", "2022-09-23 21:17:35.229376"], ["updated_at", "2022-09-23 21:17:35.229376"]]
  [1m[36mTRANSACTION (120.6ms)[0m  [1m[35mCOMMIT[0m
  [1m[35m (0.5ms)[0m  [1m[34mSELECT pg_advisory_unlock(688274183373989625)[0m
  [1m[36mActiveRecord::SchemaMigration Pluck (0.3ms)[0m  [1m[34mSELECT "schema_migrations"."version" FROM "schema_migrations" ORDER BY "schema_migrations"."version" ASC[0m
Started GET "/users/new" for ::1 at 2022-09-23 14:17:45 -0700
  [1m[36mActiveRecord::SchemaMigration Pluck (1.1ms)[0m  [1m[34mSELECT "schema_migrations"."version" FROM "schema_migrations" ORDER BY "schema_migrations"."version" ASC[0m
Processing by UsersController#new as HTML
  Rendering layout layouts/application.html.erb
  Rendering users/new.html.erb within layouts/application
  Rendered users/_form.html.erb (Duration: 46.5ms | Allocations: 6231)
  Rendered users/new.html.erb within layouts/application (Duration: 51.7ms | Allocations: 6849)
  Rendered layout layouts/application.html.erb (Duration: 182.4ms | Allocations: 13263)
Completed 200 OK in 228ms (Views: 194.2ms | ActiveRecord: 14.4ms | Allocations: 21062)


Started GET "/users/new" for ::1 at 2022-09-23 14:18:07 -0700
Processing by UsersController#new as HTML
  Rendering layout layouts/application.html.erb
  Rendering users/new.html.erb within layouts/application
  Rendered users/_form.html.erb (Duration: 2.6ms | Allocations: 1669)
  Rendered users/new.html.erb within layouts/application (Duration: 3.2ms | Allocations: 1977)
  Rendered layout layouts/application.html.erb (Duration: 6.5ms | Allocations: 3314)
Completed 200 OK in 9ms (Views: 8.1ms | ActiveRecord: 0.0ms | Allocations: 4059)


Started GET "/users/new" for ::1 at 2022-09-23 14:18:29 -0700
Processing by UsersController#new as HTML
  Rendering layout layouts/application.html.erb
  Rendering users/new.html.erb within layouts/application
  Rendered users/_form.html.erb (Duration: 2.0ms | Allocations: 1537)
  Rendered users/new.html.erb within layouts/application (Duration: 2.6ms | Allocations: 1843)
  Rendered layout layouts/application.html.erb (Duration: 4.0ms | Allocations: 3178)
Completed 200 OK in 6ms (Views: 5.1ms | ActiveRecord: 0.0ms | Allocations: 3910)


Started GET "/users/new" for ::1 at 2022-09-23 14:18:59 -0700
Processing by UsersController#new as HTML
  Rendering layout layouts/application.html.erb
  Rendering users/new.html.erb within layouts/application
  Rendered users/_form.html.erb (Duration: 9.7ms | Allocations: 4992)
  Rendered users/new.html.erb within layouts/application (Duration: 10.5ms | Allocations: 5274)
  Rendered layout layouts/application.html.erb (Duration: 10.6ms | Allocations: 5359)
Completed 500 Internal Server Error in 13ms (ActiveRecord: 0.0ms | Allocations: 6081)



NoMethodError - undefined method `password' for #<ActionView::Helpers::FormBuilder:0x00007f15f0122368 @nested_child_index={}, @options={:allow_method_names_outside_object=>true, :skip_default_ids=>false}, @template=#<ActionView::Base:0x00000000004628>, @object=#<User id: nil, username: nil, password_digest: nil, session_token: nil, created_at: nil, updated_at: nil>, @object_name="user", @default_options={:skip_default_ids=>false, :allow_method_names_outside_object=>true}, @default_html_options={}, @multipart=nil, @index=nil>
Did you mean?  password_field:
  app/views/users/_form.html.erb:21
  app/views/users/_form.html.erb:1
  app/views/users/new.html.erb:3
  app/controllers/users_controller.rb:22:in `new'

Started POST "/__better_errors/c31fc5ae3c4d5de1/variables" for ::1 at 2022-09-23 14:19:00 -0700
Started GET "/users/new" for ::1 at 2022-09-23 14:19:44 -0700
Processing by UsersController#new as HTML
  Rendering layout layouts/application.html.erb
  Rendering users/new.html.erb within layouts/application
  Rendered users/_form.html.erb (Duration: 4.4ms | Allocations: 1669)
  Rendered users/new.html.erb within layouts/application (Duration: 5.4ms | Allocations: 1995)
  Rendered layout layouts/application.html.erb (Duration: 8.2ms | Allocations: 3366)
Completed 200 OK in 10ms (Views: 9.6ms | ActiveRecord: 0.0ms | Allocations: 4114)


Started POST "/users" for ::1 at 2022-09-23 14:19:55 -0700
Processing by UsersController#create as HTML
  Parameters: {"authenticity_token"=>"[FILTERED]", "user"=>{"username"=>"user1", "password"=>"[FILTERED]"}, "commit"=>"Create User"}
  [1m[36mTRANSACTION (0.2ms)[0m  [1m[35mBEGIN[0m
  ↳ app/controllers/users_controller.rb:33:in `create'
  [1m[36mUser Exists? (2.3ms)[0m  [1m[34mSELECT 1 AS one FROM "users" WHERE "users"."username" = $1 LIMIT $2[0m  [["username", "user1"], ["LIMIT", 1]]
  ↳ app/controllers/users_controller.rb:33:in `create'
  [1m[36mUser Exists? (0.3ms)[0m  [1m[34mSELECT 1 AS one FROM "users" WHERE "users"."session_token" = $1 LIMIT $2[0m  [["session_token", "[FILTERED]"], ["LIMIT", 1]]
  ↳ app/controllers/users_controller.rb:33:in `create'
  [1m[36mUser Create (2.4ms)[0m  [1m[32mINSERT INTO "users" ("username", "password_digest", "session_token", "created_at", "updated_at") VALUES ($1, $2, $3, $4, $5) RETURNING "id"[0m  [["username", "user1"], ["password_digest", "[FILTERED]"], ["session_token", "[FILTERED]"], ["created_at", "2022-09-23 21:19:55.687535"], ["updated_at", "2022-09-23 21:19:55.687535"]]
  ↳ app/controllers/users_controller.rb:33:in `create'
  [1m[36mTRANSACTION (1.2ms)[0m  [1m[35mCOMMIT[0m
  ↳ app/controllers/users_controller.rb:33:in `create'
Redirected to http://localhost:3000/users/1
Completed 302 Found in 197ms (ActiveRecord: 6.4ms | Allocations: 8486)


Started GET "/users/1" for ::1 at 2022-09-23 14:19:55 -0700
Processing by UsersController#show as HTML
  Parameters: {"id"=>"1"}
  [1m[36mUser Load (1.2ms)[0m  [1m[34mSELECT "users".* FROM "users" WHERE "users"."id" = $1 LIMIT $2[0m  [["id", 1], ["LIMIT", 1]]
  ↳ app/controllers/users_controller.rb:58:in `set_user'
Redirected to http://localhost:3000/session/new
Filter chain halted as :require_logged_in rendered or redirected
Completed 302 Found in 5ms (ActiveRecord: 1.5ms | Allocations: 2017)


Started GET "/session/new" for ::1 at 2022-09-23 14:19:55 -0700
Processing by SessionsController#new as HTML
Completed 500 Internal Server Error in 1ms (ActiveRecord: 0.0ms | Allocations: 1522)



ActionView::MissingTemplate - Missing template sessions/new, application/new with {:locale=>[:en], :formats=>[:html], :variants=>[], :handlers=>[:raw, :erb, :html, :builder, :ruby]}.
Searched in:
  * "/home/shihyulung/App Academy/AA_classwork/W07D5/reddit_clone/reddit_clone/app/views"
Did you mean?  users/new
               users/edit
               users/show
               users/index
               layouts/application:
  app/controllers/sessions_controller.rb:7:in `new'

Started POST "/__better_errors/1c77091248389495/variables" for ::1 at 2022-09-23 14:19:55 -0700
Started GET "/session/new" for ::1 at 2022-09-23 14:20:48 -0700
Processing by SessionsController#new as HTML
Completed 500 Internal Server Error in 39ms (ActiveRecord: 20.0ms | Allocations: 4092)



ActionView::MissingTemplate - Missing template sessions/new, application/new with {:locale=>[:en], :formats=>[:html], :variants=>[], :handlers=>[:raw, :erb, :html, :builder, :ruby]}.
Searched in:
  * "/home/shihyulung/App Academy/AA_classwork/W07D5/reddit_clone/reddit_clone/app/views"
Did you mean?  users/new
               users/edit
               users/show
               users/index
               layouts/application:
  app/controllers/sessions_controller.rb:7:in `new'

Started POST "/__better_errors/8e835e5cfc5964ce/variables" for ::1 at 2022-09-23 14:20:48 -0700
Started GET "/session/new" for ::1 at 2022-09-23 14:21:13 -0700
Processing by SessionsController#new as HTML
Completed 500 Internal Server Error in 26ms (ActiveRecord: 2.8ms | Allocations: 3997)



ActionView::MissingTemplate - Missing template sessions/new, application/new with {:locale=>[:en], :formats=>[:html], :variants=>[], :handlers=>[:raw, :erb, :html, :builder, :ruby]}.
Searched in:
  * "/home/shihyulung/App Academy/AA_classwork/W07D5/reddit_clone/reddit_clone/app/views"
Did you mean?  users/new
               users/edit
               users/show
               users/index
               layouts/application:
  app/controllers/sessions_controller.rb:7:in `new'

Started POST "/__better_errors/1ac0752129e763dc/variables" for ::1 at 2022-09-23 14:21:13 -0700
Started POST "/users" for ::1 at 2022-09-23 14:21:29 -0700
Processing by UsersController#create as HTML
  Parameters: {"authenticity_token"=>"[FILTERED]", "user"=>{"username"=>"user1", "password"=>"[FILTERED]"}, "commit"=>"Create User"}
  [1m[36mTRANSACTION (0.4ms)[0m  [1m[35mBEGIN[0m
  ↳ app/controllers/users_controller.rb:33:in `create'
  [1m[36mUser Exists? (1.1ms)[0m  [1m[34mSELECT 1 AS one FROM "users" WHERE "users"."username" = $1 LIMIT $2[0m  [["username", "user1"], ["LIMIT", 1]]
  ↳ app/controllers/users_controller.rb:33:in `create'
  [1m[36mUser Exists? (0.7ms)[0m  [1m[34mSELECT 1 AS one FROM "users" WHERE "users"."session_token" = $1 LIMIT $2[0m  [["session_token", "[FILTERED]"], ["LIMIT", 1]]
  ↳ app/controllers/users_controller.rb:33:in `create'
  [1m[36mTRANSACTION (0.5ms)[0m  [1m[31mROLLBACK[0m
  ↳ app/controllers/users_controller.rb:33:in `create'
  Rendering layout layouts/application.html.erb
  Rendering users/new.html.erb within layouts/application
  Rendered users/_form.html.erb (Duration: 10.6ms | Allocations: 2070)
  Rendered users/new.html.erb within layouts/application (Duration: 11.6ms | Allocations: 2183)
  Rendered layout layouts/application.html.erb (Duration: 17.1ms | Allocations: 3366)
Completed 422 Unprocessable Entity in 212ms (Views: 18.1ms | ActiveRecord: 2.6ms | Allocations: 8114)


Started GET "/users" for ::1 at 2022-09-23 14:22:28 -0700
Processing by UsersController#index as HTML
  Rendering layout layouts/application.html.erb
  Rendering users/index.html.erb within layouts/application
  [1m[36mUser Load (2.7ms)[0m  [1m[34mSELECT "users".* FROM "users"[0m
  ↳ app/views/users/index.html.erb:6
  Rendered users/_user.html.erb (Duration: 0.7ms | Allocations: 226)
  Rendered users/index.html.erb within layouts/application (Duration: 91.5ms | Allocations: 1868)
  Rendered layout layouts/application.html.erb (Duration: 93.1ms | Allocations: 3016)
Completed 200 OK in 98ms (Views: 94.3ms | ActiveRecord: 2.7ms | Allocations: 3371)


Started GET "/users" for ::1 at 2022-09-23 14:23:09 -0700
Processing by UsersController#index as HTML
  Rendering layout layouts/application.html.erb
  Rendering users/index.html.erb within layouts/application
  [1m[36mUser Load (0.3ms)[0m  [1m[34mSELECT "users".* FROM "users"[0m
  ↳ app/views/users/index.html.erb:6
  Rendered users/_user.html.erb (Duration: 0.4ms | Allocations: 137)
  Rendered users/index.html.erb within layouts/application (Duration: 4.8ms | Allocations: 1539)
  Rendered layout layouts/application.html.erb (Duration: 6.6ms | Allocations: 2888)
Completed 200 OK in 9ms (Views: 8.2ms | ActiveRecord: 0.3ms | Allocations: 3605)


Started GET "/users/new" for ::1 at 2022-09-23 14:23:20 -0700
Processing by UsersController#new as HTML
  Rendering layout layouts/application.html.erb
  Rendering users/new.html.erb within layouts/application
  Rendered users/_form.html.erb (Duration: 7.3ms | Allocations: 1438)
  Rendered users/new.html.erb within layouts/application (Duration: 9.5ms | Allocations: 1698)
  Rendered layout layouts/application.html.erb (Duration: 15.6ms | Allocations: 2731)
Completed 200 OK in 17ms (Views: 16.5ms | ActiveRecord: 0.0ms | Allocations: 3030)


Started POST "/users" for ::1 at 2022-09-23 14:23:56 -0700
Processing by UsersController#create as HTML
  Parameters: {"authenticity_token"=>"[FILTERED]", "user"=>{"username"=>"user2", "password"=>"[FILTERED]"}, "commit"=>"Create User"}
  [1m[36mTRANSACTION (0.2ms)[0m  [1m[35mBEGIN[0m
  ↳ app/controllers/users_controller.rb:33:in `create'
  [1m[36mUser Exists? (0.4ms)[0m  [1m[34mSELECT 1 AS one FROM "users" WHERE "users"."username" = $1 LIMIT $2[0m  [["username", "user2"], ["LIMIT", 1]]
  ↳ app/controllers/users_controller.rb:33:in `create'
  [1m[36mUser Exists? (0.2ms)[0m  [1m[34mSELECT 1 AS one FROM "users" WHERE "users"."session_token" = $1 LIMIT $2[0m  [["session_token", "[FILTERED]"], ["LIMIT", 1]]
  ↳ app/controllers/users_controller.rb:33:in `create'
  [1m[36mUser Create (8.8ms)[0m  [1m[32mINSERT INTO "users" ("username", "password_digest", "session_token", "created_at", "updated_at") VALUES ($1, $2, $3, $4, $5) RETURNING "id"[0m  [["username", "user2"], ["password_digest", "[FILTERED]"], ["session_token", "[FILTERED]"], ["created_at", "2022-09-23 21:23:56.969899"], ["updated_at", "2022-09-23 21:23:56.969899"]]
  ↳ app/controllers/users_controller.rb:33:in `create'
  [1m[36mTRANSACTION (1.3ms)[0m  [1m[35mCOMMIT[0m
  ↳ app/controllers/users_controller.rb:33:in `create'
Redirected to http://localhost:3000/users/2
Completed 302 Found in 209ms (ActiveRecord: 11.0ms | Allocations: 4089)


Started GET "/users/2" for ::1 at 2022-09-23 14:23:57 -0700
Processing by UsersController#show as HTML
  Parameters: {"id"=>"2"}
  [1m[36mUser Load (2.3ms)[0m  [1m[34mSELECT "users".* FROM "users" WHERE "users"."id" = $1 LIMIT $2[0m  [["id", 2], ["LIMIT", 1]]
  ↳ app/controllers/users_controller.rb:58:in `set_user'
  Rendering layout layouts/application.html.erb
  Rendering users/show.html.erb within layouts/application
  Rendered users/_user.html.erb (Duration: 0.3ms | Allocations: 17)
  Rendered users/show.html.erb within layouts/application (Duration: 36.6ms | Allocations: 5156)
  Rendered layout layouts/application.html.erb (Duration: 37.5ms | Allocations: 5235)
Completed 500 Internal Server Error in 52ms (ActiveRecord: 2.3ms | Allocations: 6880)



NoMethodError - undefined method `edit_user_path' for #<ActionView::Base:0x000000000065e0>
Did you mean?  new_user_path:
  app/views/users/show.html.erb:6
  app/controllers/users_controller.rb:16:in `show'

Started POST "/__better_errors/61461d7d6fdfd39d/variables" for ::1 at 2022-09-23 14:23:57 -0700
Started GET "/users/2" for ::1 at 2022-09-23 14:25:34 -0700
Processing by UsersController#show as HTML
  Parameters: {"id"=>"2"}
  [1m[36mUser Load (0.3ms)[0m  [1m[34mSELECT "users".* FROM "users" WHERE "users"."id" = $1 LIMIT $2[0m  [["id", 2], ["LIMIT", 1]]
  ↳ app/controllers/users_controller.rb:58:in `set_user'
  Rendering layout layouts/application.html.erb
  Rendering users/show.html.erb within layouts/application
  Rendered users/_user.html.erb (Duration: 0.2ms | Allocations: 136)
  Rendered users/show.html.erb within layouts/application (Duration: 2.9ms | Allocations: 1098)
  Rendered layout layouts/application.html.erb (Duration: 5.3ms | Allocations: 2426)
Completed 200 OK in 10ms (Views: 7.6ms | ActiveRecord: 0.3ms | Allocations: 3719)


